1. 
Swap:
(VBZ Encourages)
And:
(PP (VBG including)        (PP (IN in)          (NP            (NP (DT the) (NN allocation)              (CC and)              (NN application))            (PP (IN of)              (NP (JJ Global) (NNP Environment) (NNP Facility) (NN funding))))))

Swap:
(VBG expanding)
And:
(PP (IN within)                    (NP                      (NP (PRP$ their) (JJ respective) (NNS fields))                      (PP (IN of)                        (NP                          (NP (NN competence))                          (PP (IN for)                            (NP (NN assistance)))))))

2. 
Swap:
(VBG relating)
And:
(PP (TO to)                      (NP                        (NP (DT the)                          (ADJP (JJ conservation)                            (CC and)                            (JJ sustainable))                          (NN use))                        (PP (IN of)                          (NP (JJ marine) (JJ biological) (NN diversity)))                        (PP (IN beyond)                          (NP                            (NP (NNS areas))                            (PP (IN of)                              (NP (JJ national) (NN jurisdiction)))))                        (, ,)                        (UCP                          (ADJP (JJ prepared))                          (CC and)                          (VP (VBN released)                            (PP (IN in)                              (NP (NN response)))                            (PP (TO to)                              (NP                                (NP (DT the) (NN request))                                (PP (IN in)                                  (NP (NN paragraph) (CD 92)))))))                        (PP (IN of)                          (NP (NN resolution) (CD 61\/222)))))

Swap:
(VBN released)
And:
(PP (IN in)                              (NP (NN response)))

3. 
4. 
5. 
Swap:
(VBD Calls)
And:
(PP (IN upon)        (NP          (NP (NNPS States))          (CC and)          (NP (JJ international) (NNS organizations))))

Swap:
(VB address)
And:
(PP (IN in)                      (NP (NN accordance)))

6. 
7. 
Swap:
(VB cooperate)
And:
(PP (IN in)          (S            (VP (VBG exchanging)              (NP (NN information))              (PP                (PP (IN in)                  (NP                    (NP (DT the) (NN event))                    (PP (IN of)                      (NP                        (NP (NNS accidents))                        (PP (VBG involving)                          (NP                            (NP (NNS vessels))                            (PP (IN on)                              (NP (NN coral) (NNS reefs)))))))))                (CC and)                (PP (IN in)                  (S                    (VP (VBG promoting)                      (NP                        (NP (DT the) (NN development))                        (PP (IN of)                          (NP                            (NP                              (NP (JJ economic) (NN assessment) (NNS techniques))                              (PP (IN for)                                (NP (DT both) (NN restoration))))                            (CC and)                            (NP                              (NP (JJ non-use) (NNS values))                              (PP (IN of)                                (NP (NN coral) (NN reef) (NNS systems))))))))))))))

Swap:
(VBG exchanging)
And:
(PP                (PP (IN in)                  (NP                    (NP (DT the) (NN event))                    (PP (IN of)                      (NP                        (NP (NNS accidents))                        (PP (VBG involving)                          (NP                            (NP (NNS vessels))                            (PP (IN on)                              (NP (NN coral) (NNS reefs)))))))))                (CC and)                (PP (IN in)                  (S                    (VP (VBG promoting)                      (NP                        (NP (DT the) (NN development))                        (PP (IN of)                          (NP                            (NP                              (NP (JJ economic) (NN assessment) (NNS techniques))                              (PP (IN for)                                (NP (DT both) (NN restoration))))                            (CC and)                            (NP                              (NP (JJ non-use) (NNS values))                              (PP (IN of)                                (NP (NN coral) (NN reef) (NNS systems)))))))))))

8. 
Swap:
(VBZ Emphasizes)
And:
(PP (TO to)        (NP          (NP            (ADJP (JJ mainstream) (JJ sustainable))            (JJ coral) (NN reef) (NN management))          (CC and)          (NP            (NP (VBN integrated) (JJ watershed) (NN management))            (PP              (PP (IN into)                (NP (JJ national) (NN development) (NNS strategies)))              (, ,)              (CONJP (RB as) (RB well) (IN as))              (PP (IN into)                (NP                  (NP                    (NP (DT the) (NNS activities))                    (PP (IN of)                      (NP (JJ relevant) (NNP United) (NNPS Nations) (NNS agencies))))                  (CC and)                  (NP                    (NP (NNS programs))                    (, ,)                    (NP (JJ international) (JJ financial) (NNS institutions))                    (CC and)                    (NP (DT the) (NN donor) (NN community)))))))))

9. 
Swap:
(VBZ Notes)
And:
(PP (TO to)          (NP (JJ marine) (JJ biodiversity) (NN research)))

Swap:
(VBZ encourages)
And:
(PP (IN in)          (NP (DT the) (NN initiative)))

10. 
11. 
Swap:
(VBN established)
And:
(PP (IN by)                (NP (NN resolution) (CD 60\/30)))

12. 
Swap:
(VBZ Welcomes)
And:
(PP (IN with)        (NP          (NP            (NP (NN appreciation))            (NP              (NP (DT the) (NN support))              (PP (IN of)                (NP (DT the) (NNP United) (NNPS Nations) (NNP Environment) (NNP Programme)))))          (CC and)          (NP            (NP (DT the) (NNP Intergovernmental) (NNP Oceanographic) (NNP Commission))            (PP (IN for)              (NP                (NP (DT the) (`` ``) (NN assessment))                (PP (IN of)                  (NP (NNS assessments))))))))

Swap:
(VBG providing)
And:
(PP (TO to)              (NP (DT the)                (NX (NNP Ad) (NNP Hoc))))

13. 
Swap:
(VB contribute)
And:
(PP (TO to)              (NP                (NP (DT the) (`` ``) (NN assessment))                (PP (IN of)                  (NP (NNS assessments) ('' '')))))

Swap:
(VBG taking)
And:
(PP (IN into)                  (NP (NN account)))

Swap:
(VBN approved)
And:
(PP (IN by)                      (NP (DT the) (NNP Ad) (NNP Hoc) (NNP Steering) (NNP Group)))

Swap:
(VB complete)
And:
(PP (IN within)                              (NP (DT the) (VBN specified) (NN period)))

14. 
15. 
16. 
Swap:
(VBZ recognizes)
And:
(PP (IN on)        (NP          (NP (JJ marine) (JJ genetic) (NNS resources))          (PP (IN for)            (NP              (NP (DT the) (NN purpose))              (PP (IN of)                (S                  (VP (VBG enhancing)                    (NP                      (NP (DT the) (JJ scientific) (NN understanding))                      (, ,)                      (NP (JJ potential) (NN use)                        (CC and)                        (NN application))                      (, ,)                      (CC and)                      (NP                        (NP (VBN enhanced) (NN management))                        (PP (IN of)                          (NP (JJ marine) (NNS ecosystems))))))))))))

17. 
Swap:
(VB focus)
And:
(PP (IN on)                (NP                  (NP (DT the) (NN topic) (`` ``) (NN Maritime) (NN security)                    (CC and)                    (NN safety) ('' ''))                  (PP (IN at)                    (NP                      (NP (DT the) (JJ ninth) (NN meeting))                      (PP (IN of)                        (NP (DT the) (NNP Consultative) (NNP Process)))))))

18. 
Swap:
(VB work)
And:
(PP (IN with)          (CC and)          (IN through)          (NP (JJ international) (NNS organizations)))

19. 
Swap:
(VBZ Encourages)
And:
(PP (TO to)        (NP (NNP Member) (NNPS States)))

20. 
Swap:
(VBZ Expresses)
And:
(PP        (PP (TO to)          (NP            (NP              (NP (DT the) (NNP Secretary-General))              (PP (IN for)                (NP                  (NP (DT the) (JJ annual) (JJ comprehensive) (NN report))                  (PP (IN on)                    (NP (NNS oceans))))))            (CC and)            (NP              (NP (DT the) (NN law))              (PP (IN of)                (NP                  (NP (DT the) (NN sea))                  (, ,)                  (VP (VBN prepared)                    (PP (IN by)                      (NP (DT the) (NNP Division)))))))))        (, ,)        (CONJP (RB as) (RB well) (IN as))        (PP (IN for)          (NP            (NP (DT the) (JJ other) (NNS activities))            (PP (IN of)              (NP                (NP (DT the) (NN Division))                (, ,)                (SBAR                  (WHNP (WDT which))                  (S                    (VP (VBP reflect)                      (NP                        (NP (DT the) (JJ high) (NN standard))                        (PP (IN of)                          (NP                            (NP (NN assistance))                            (VP (VBN provided)                              (PP (TO to)                                (NP (NNP Member) (NNPS States)))                              (PP (IN by)                                (NP (DT the) (NNP Division)))))))))))))))

Swap:
(VBN prepared)
And:
(PP (IN by)                      (NP (DT the) (NNP Division)))

Swap:
(VBN provided)
And:
(PP (TO to)                                (NP (NNP Member) (NNPS States)))

